# JRE version: OpenJDK Runtime Environment (8.0_242-b01) (build 1.8.0_242-release-1644-b01)
# Java VM: OpenJDK 64-Bit Server VM (25.242-b01 mixed mode windows-amd64 compressed oops)
Heap:
 PSYoungGen      total 592384K, used 324248K [0x00000000d5580000, 0x0000000100000000, 0x0000000100000000)
  eden space 519680K, 48% used [0x00000000d5580000,0x00000000e4b2d6b8,0x00000000f5100000)
  from space 72704K, 99% used [0x00000000f5100000,0x00000000f97f8c28,0x00000000f9800000)
  to   space 92672K, 0% used [0x00000000fa580000,0x00000000fa580000,0x0000000100000000)
 ParOldGen       total 345600K, used 151585K [0x0000000080000000, 0x0000000095180000, 0x00000000d5580000)
  object space 345600K, 43% used [0x0000000080000000,0x0000000089408498,0x0000000095180000)
 Metaspace       used 228116K, capacity 238486K, committed 238616K, reserved 1259520K
  class space    used 27380K, capacity 29392K, committed 29488K, reserved 1048576K
GC Heap History (10 events):
Event: 10493.495 GC heap before
{Heap before GC invocations=57 (full 7):
 PSYoungGen      total 573440K, used 505344K [0x00000000d5580000, 0x00000000fd000000, 0x0000000100000000)
  eden space 505344K, 100% used [0x00000000d5580000,0x00000000f4300000,0x00000000f4300000)
  from space 68096K, 0% used [0x00000000f8d80000,0x00000000f8d80000,0x00000000fd000000)
  to   space 72192K, 0% used [0x00000000f4300000,0x00000000f4300000,0x00000000f8980000)
 ParOldGen       total 345600K, used 114323K [0x0000000080000000, 0x0000000095180000, 0x00000000d5580000)
  object space 345600K, 33% used [0x0000000080000000,0x0000000086fa4d18,0x0000000095180000)
 Metaspace       used 202189K, capacity 211322K, committed 224212K, reserved 1245184K
  class space    used 24177K, capacity 25807K, committed 28976K, reserved 1048576K
Event: 10493.523 GC heap after
Heap after GC invocations=57 (full 7):
 PSYoungGen      total 577536K, used 35554K [0x00000000d5580000, 0x00000000fd600000, 0x0000000100000000)
  eden space 505344K, 0% used [0x00000000d5580000,0x00000000d5580000,0x00000000f4300000)
  from space 72192K, 49% used [0x00000000f4300000,0x00000000f65b8bd8,0x00000000f8980000)
  to   space 72192K, 0% used [0x00000000f8f80000,0x00000000f8f80000,0x00000000fd600000)
 ParOldGen       total 345600K, used 114331K [0x0000000080000000, 0x0000000095180000, 0x00000000d5580000)
  object space 345600K, 33% used [0x0000000080000000,0x0000000086fa6d18,0x0000000095180000)
 Metaspace       used 202189K, capacity 211322K, committed 224212K, reserved 1245184K
  class space    used 24177K, capacity 25807K, committed 28976K, reserved 1048576K
}
Event: 18423.692 GC heap before
{Heap before GC invocations=58 (full 7):
 PSYoungGen      total 577536K, used 540894K [0x00000000d5580000, 0x00000000fd600000, 0x0000000100000000)
  eden space 505344K, 99% used [0x00000000d5580000,0x00000000f42fee48,0x00000000f4300000)
  from space 72192K, 49% used [0x00000000f4300000,0x00000000f65b8bd8,0x00000000f8980000)
  to   space 72192K, 0% used [0x00000000f8f80000,0x00000000f8f80000,0x00000000fd600000)
 ParOldGen       total 345600K, used 114331K [0x0000000080000000, 0x0000000095180000, 0x00000000d5580000)
  object space 345600K, 33% used [0x0000000080000000,0x0000000086fa6d18,0x0000000095180000)
 Metaspace       used 208174K, capacity 217258K, committed 224212K, reserved 1245184K
  class space    used 24839K, capacity 26487K, committed 28976K, reserved 1048576K
Event: 18425.329 GC heap after
Heap after GC invocations=58 (full 7):
 PSYoungGen      total 576512K, used 43668K [0x00000000d5580000, 0x00000000fd080000, 0x0000000100000000)
  eden space 509952K, 0% used [0x00000000d5580000,0x00000000d5580000,0x00000000f4780000)
  from space 66560K, 65% used [0x00000000f8f80000,0x00000000fba25238,0x00000000fd080000)
  to   space 70144K, 0% used [0x00000000f4780000,0x00000000f4780000,0x00000000f8c00000)
 ParOldGen       total 345600K, used 114339K [0x0000000080000000, 0x0000000095180000, 0x00000000d5580000)
  object space 345600K, 33% used [0x0000000080000000,0x0000000086fa8d18,0x0000000095180000)
 Metaspace       used 208174K, capacity 217258K, committed 224212K, reserved 1245184K
  class space    used 24839K, capacity 26487K, committed 28976K, reserved 1048576K
}
Event: 18440.474 GC heap before
{Heap before GC invocations=59 (full 7):
 PSYoungGen      total 576512K, used 553620K [0x00000000d5580000, 0x00000000fd080000, 0x0000000100000000)
  eden space 509952K, 100% used [0x00000000d5580000,0x00000000f4780000,0x00000000f4780000)
  from space 66560K, 65% used [0x00000000f8f80000,0x00000000fba25238,0x00000000fd080000)
  to   space 70144K, 0% used [0x00000000f4780000,0x00000000f4780000,0x00000000f8c00000)
 ParOldGen       total 345600K, used 114339K [0x0000000080000000, 0x0000000095180000, 0x00000000d5580000)
  object space 345600K, 33% used [0x0000000080000000,0x0000000086fa8d18,0x0000000095180000)
 Metaspace       used 212495K, capacity 221776K, committed 224468K, reserved 1245184K
  class space    used 25296K, capacity 26960K, committed 28976K, reserved 1048576K
Event: 18440.735 GC heap after
Heap after GC invocations=59 (full 7):
 PSYoungGen      total 580096K, used 53664K [0x00000000d5580000, 0x00000000fdc80000, 0x0000000100000000)
  eden space 509952K, 0% used [0x00000000d5580000,0x00000000d5580000,0x00000000f4780000)
  from space 70144K, 76% used [0x00000000f4780000,0x00000000f7be8140,0x00000000f8c00000)
  to   space 70144K, 0% used [0x00000000f9800000,0x00000000f9800000,0x00000000fdc80000)
 ParOldGen       total 345600K, used 114347K [0x0000000080000000, 0x0000000095180000, 0x00000000d5580000)
  object space 345600K, 33% used [0x0000000080000000,0x0000000086faad18,0x0000000095180000)
 Metaspace       used 212495K, capacity 221776K, committed 224468K, reserved 1245184K
  class space    used 25296K, capacity 26960K, committed 28976K, reserved 1048576K
}
Event: 19214.325 GC heap before
{Heap before GC invocations=60 (full 7):
 PSYoungGen      total 580096K, used 563616K [0x00000000d5580000, 0x00000000fdc80000, 0x0000000100000000)
  eden space 509952K, 100% used [0x00000000d5580000,0x00000000f4780000,0x00000000f4780000)
  from space 70144K, 76% used [0x00000000f4780000,0x00000000f7be8140,0x00000000f8c00000)
  to   space 70144K, 0% used [0x00000000f9800000,0x00000000f9800000,0x00000000fdc80000)
 ParOldGen       total 345600K, used 114347K [0x0000000080000000, 0x0000000095180000, 0x00000000d5580000)
  object space 345600K, 33% used [0x0000000080000000,0x0000000086faad18,0x0000000095180000)
 Metaspace       used 226334K, capacity 236342K, committed 236696K, reserved 1257472K
  class space    used 27125K, capacity 29006K, committed 29104K, reserved 1048576K
Event: 19214.589 GC heap after
Heap after GC invocations=60 (full 7):
 PSYoungGen      total 589824K, used 59294K [0x00000000d5580000, 0x00000000fdf00000, 0x0000000100000000)
  eden space 519680K, 0% used [0x00000000d5580000,0x00000000d5580000,0x00000000f5100000)
  from space 70144K, 84% used [0x00000000f9800000,0x00000000fd1e79e8,0x00000000fdc80000)
  to   space 72704K, 0% used [0x00000000f5100000,0x00000000f5100000,0x00000000f9800000)
 ParOldGen       total 345600K, used 114355K [0x0000000080000000, 0x0000000095180000, 0x00000000d5580000)
  object space 345600K, 33% used [0x0000000080000000,0x0000000086facd18,0x0000000095180000)
 Metaspace       used 226334K, capacity 236342K, committed 236696K, reserved 1257472K
  class space    used 27125K, capacity 29006K, committed 29104K, reserved 1048576K
}
Event: 25379.442 GC heap before
{Heap before GC invocations=61 (full 7):
 PSYoungGen      total 589824K, used 578974K [0x00000000d5580000, 0x00000000fdf00000, 0x0000000100000000)
  eden space 519680K, 100% used [0x00000000d5580000,0x00000000f5100000,0x00000000f5100000)
  from space 70144K, 84% used [0x00000000f9800000,0x00000000fd1e79e8,0x00000000fdc80000)
  to   space 72704K, 0% used [0x00000000f5100000,0x00000000f5100000,0x00000000f9800000)
 ParOldGen       total 345600K, used 114355K [0x0000000080000000, 0x0000000095180000, 0x00000000d5580000)
  object space 345600K, 33% used [0x0000000080000000,0x0000000086facd18,0x0000000095180000)
 Metaspace       used 227939K, capacity 238290K, committed 238616K, reserved 1259520K
  class space    used 27368K, capacity 29370K, committed 29488K, reserved 1048576K
Event: 25383.163 GC heap after
Heap after GC invocations=61 (full 7):
 PSYoungGen      total 592384K, used 72675K [0x00000000d5580000, 0x0000000100000000, 0x0000000100000000)
  eden space 519680K, 0% used [0x00000000d5580000,0x00000000d5580000,0x00000000f5100000)
  from space 72704K, 99% used [0x00000000f5100000,0x00000000f97f8c28,0x00000000f9800000)
  to   space 92672K, 0% used [0x00000000fa580000,0x00000000fa580000,0x0000000100000000)
 ParOldGen       total 345600K, used 151585K [0x0000000080000000, 0x0000000095180000, 0x00000000d5580000)
  object space 345600K, 43% used [0x0000000080000000,0x0000000089408498,0x0000000095180000)
 Metaspace       used 227939K, capacity 238290K, committed 238616K, reserved 1259520K
  class space    used 27368K, capacity 29370K, committed 29488K, reserved 1048576K
}

